<?xml version="1.0" encoding="UTF-8"?>
<coverage generated="1534836554392" clover="3.2.0">
  <project timestamp="1534836554392" name="All files">
    <metrics statements="7" coveredstatements="7" conditionals="0" coveredconditionals="0" methods="5" coveredmethods="5" elements="12" coveredelements="12" complexity="0" loc="7" ncloc="7" packages="1" files="1" classes="1">
      <file name="demo.js" path="D:\Awork\asserttest\src\demo.js">
        <metrics statements="7" coveredstatements="7" conditionals="0" coveredconditionals="0" methods="5" coveredmethods="5"/>
        <line num="9" count="4" type="stmt"/>
        <line num="10" count="4" type="stmt"/>
        <line num="11" count="4" type="stmt"/>
        <line num="18" count="1" type="stmt"/>
        <line num="24" count="1" type="stmt"/>
        <line num="30" count="1" type="stmt"/>
        <line num="37" count="7" type="stmt"/>
      </file>
    </metrics>
  </project>
</coverage>
