{"D:\\Awork\\asserttest\\src\\demo.js": {"path":"D:\\Awork\\asserttest\\src\\demo.js","statementMap":{"0":{"start":{"line":9,"column":8},"end":{"line":9,"column":21}},"1":{"start":{"line":10,"column":30},"end":{"line":10,"column":35}},"2":{"start":{"line":11,"column":8},"end":{"line":14,"column":10}},"3":{"start":{"line":18,"column":8},"end":{"line":20,"column":10}},"4":{"start":{"line":24,"column":8},"end":{"line":26,"column":10}},"5":{"start":{"line":30,"column":8},"end":{"line":33,"column":10}},"6":{"start":{"line":37,"column":8},"end":{"line":44,"column":9}}},"fnMap":{"0":{"name":"(anonymous_0)","decl":{"start":{"line":8,"column":4},"end":{"line":8,"column":5}},"loc":{"start":{"line":8,"column":22},"end":{"line":15,"column":5}},"line":8},"1":{"name":"(anonymous_1)","decl":{"start":{"line":17,"column":10},"end":{"line":17,"column":11}},"loc":{"start":{"line":17,"column":14},"end":{"line":21,"column":5}},"line":17},"2":{"name":"(anonymous_2)","decl":{"start":{"line":23,"column":13},"end":{"line":23,"column":14}},"loc":{"start":{"line":23,"column":19},"end":{"line":27,"column":5}},"line":23},"3":{"name":"(anonymous_3)","decl":{"start":{"line":29,"column":4},"end":{"line":29,"column":5}},"loc":{"start":{"line":29,"column":40},"end":{"line":34,"column":5}},"line":29},"4":{"name":"(anonymous_4)","decl":{"start":{"line":36,"column":4},"end":{"line":36,"column":5}},"loc":{"start":{"line":36,"column":12},"end":{"line":45,"column":5}},"line":36}},"branchMap":{},"s":{"0":4,"1":4,"2":4,"3":1,"4":1,"5":1,"6":7},"f":{"0":4,"1":1,"2":1,"3":1,"4":7},"b":{},"_coverageSchema":"332fd63041d2c1bcb487cc26dd0d5f7d97098a6c","hash":"7ee6d9f333db8da9f01da9a0d4d514441f113b80"}
}
